Arguments: 
  /home/stefan/.nvm/versions/node/v11.9.0/bin/node /usr/share/yarn/bin/yarn.js

PATH: 
  /home/stefan/.nvm/versions/node/v11.9.0/bin:/usr/local/sbin:/usr/local/bin:/usr/sbin:/usr/bin:/sbin:/bin:/usr/games:/usr/local/games:/snap/bin:/usr/lib/jvm/java-8-oracle/bin:/usr/lib/jvm/java-8-oracle/db/bin:/usr/lib/jvm/java-8-oracle/jre/bin

Yarn version: 
  1.13.0

Node version: 
  11.9.0

Platform: 
  linux x64

Trace: 
  SyntaxError: /home/stefan/repos/macrop_webapp/packages/app/package.json: Unexpected token } in JSON at position 1130
      at JSON.parse (<anonymous>)
      at /usr/share/yarn/lib/cli.js:1625:59
      at Generator.next (<anonymous>)
      at step (/usr/share/yarn/lib/cli.js:304:30)
      at /usr/share/yarn/lib/cli.js:315:13

npm manifest: 
  {
    "name": "@macrop/app",
    "version": "1.0.0",
    "main": "index.js",
    "license": "MIT",
    "scripts": {
      "start": "webpack-dev-server --watch --inline"
    },
    "dependencies": {
      "@material-ui/core": "^3.7.1",
      "axios": "^0.18.0",
      "html-webpack-plugin": "^3.2.0",
      "inline-source-map": "^0.6.2",
      "mdi-react": "^5.1.0",
      "polished": "^2.3.1",
      "react": "^16.8.0-alpha.1",
      "react-dom": "^16.8.0-alpha.1",
      "react-redux": "^6.0.0-beta.3",
      "react-router5": "^7.0.2",
      "react-scripts": "2.1.2",
      "redux": "^4.0.0-rc.1",
      "redux-saga": "^0.16.2",
      "redux-thunk": "^2.3.0",
      "router5": "^7.0.1",
      "router5-plugin-browser": "^7.0.1",
      "router5-plugin-logger": "^7.0.1",
      "styled-components": "^4.1.3",
      "webpack": "^4.29.0",
      "webpack-cli": "^3.2.1",
      "webpack-dev-server": "^3.1.14"
    },
    "devDependencies": {
      "@types/node": "10.12.18",
      "@types/react-dom": "16.0.11",
      "@types/react-redux": "^6.0.12",
      "@types/router5": "^5.0.0",
      "@types/styled-components": "^4.1.4",
      "awesome-typescript-loader": "^5.2.1",
      "typescript": "^3.2.2",
      
    }
  }

yarn manifest: 
  No manifest

Lockfile: 
  No lockfile
